<?xml version="1.0" encoding="UTF-8"?>
<!-- Generated by org.testng.reporters.JUnitXMLReporter -->
<testsuite hostname="LAPTOP-N2AA0IIU" ignored="2" name="Default test(failed)" tests="1" failures="1" timestamp="21 Jun 2023 14:08:26 GMT" time="8.66" errors="0">
  <testcase name="tc2" time="0.105" classname="fbtest.TEST">
    <failure type="java.lang.AssertionError" message="null">
      <![CDATA[java.lang.AssertionError: null
at fbtest.TEST.tc2(TEST.java:33)
... Removed 27 stack frames]]>
    </failure>
  </testcase> <!-- tc2 -->
  <testcase name="tc1" time="0.0" classname="fbtest.TEST">
    <ignored/>
  </testcase> <!-- tc1 -->
  <testcase name="tc3" time="0.0" classname="fbtest.TEST">
    <ignored/>
  </testcase> <!-- tc3 -->
</testsuite> <!-- Default test(failed) -->
