<?xml version="1.0" encoding="UTF-8"?>
<!-- Generated by org.testng.reporters.JUnitXMLReporter -->
<testsuite hostname="LAPTOP-N2AA0IIU" ignored="0" name="Test" tests="9" failures="2" timestamp="21 Jun 2023 14:50:45 GMT" time="23.664" errors="0">
  <testcase name="tc1" time="0.008" classname="fbtest.TEST">
    <skipped/>
  </testcase> <!-- tc1 -->
  <testcase name="tc1" time="0.001" classname="fbtest.TEST">
    <skipped/>
  </testcase> <!-- tc1 -->
  <testcase name="tc1" time="0.004" classname="fbtest.TEST">
    <skipped/>
  </testcase> <!-- tc1 -->
  <testcase name="tc1" time="0.003" classname="fbtest.TEST">
    <failure type="java.lang.AssertionError" message="null">
      <![CDATA[java.lang.AssertionError: null
at fbtest.TEST.tc1(TEST.java:25)
... Removed 27 stack frames]]>
    </failure>
  </testcase> <!-- tc1 -->
  <testcase name="tc2" time="0.102" classname="fbtest.TEST">
    <skipped/>
  </testcase> <!-- tc2 -->
  <testcase name="tc2" time="0.065" classname="fbtest.TEST">
    <skipped/>
  </testcase> <!-- tc2 -->
  <testcase name="tc2" time="0.071" classname="fbtest.TEST">
    <skipped/>
  </testcase> <!-- tc2 -->
  <testcase name="tc2" time="0.077" classname="fbtest.TEST">
    <failure type="java.lang.AssertionError" message="null">
      <![CDATA[java.lang.AssertionError: null
at fbtest.TEST.tc2(TEST.java:34)
... Removed 27 stack frames]]>
    </failure>
  </testcase> <!-- tc2 -->
  <testcase name="tc3" time="0.282" classname="fbtest.TEST"/>
</testsuite> <!-- Test -->
